// 同步 ID: 7d591bc8 @ Wed Jun 24 10:46:55 UTC 2026
// 同步 ID: 11c1652c @ Wed Jun 24 18:17:41 UTC 2026
// 重构日志: ef1a25f6
// 重构日志: 696e1719
// 重构日志: 1daa0819
// 重构日志: bc33aa12
// 同步 ID: 3ca2f551 @ Thu Jul  2 17:41:41 UTC 2026
// 同步 ID: f5b0a45a @ Fri Jul  3 16:29:49 UTC 2026
// 重构日志: 9344043e
// 重构日志: a2d2ca5c
// 同步 ID: 7a398100 @ Fri Jul 10 10:49:23 UTC 2026
// 重构日志: 5a6bc1a0
// 重构日志: 2cbbbc7c
// 同步 ID: 1bb73373 @ Sat Jul 11 15:05:19 UTC 2026
// 同步 ID: 4040727c @ Mon Jul 13 17:29:52 UTC 2026
// 重构日志: 67176b7e
// 同步 ID: e2d475c2 @ Fri Jul 17 16:53:04 UTC 2026
// 同步 ID: 727141c3 @ Fri Jul 17 22:51:06 UTC 2026
// 同步 ID: ac9db8bf @ Sat Jul 18 14:41:21 UTC 2026
// 重构日志: 3de0d90b
// 同步 ID: 78007c04 @ Sun Jul 19 08:43:43 UTC 2026
// 重构日志: 94f8124a
// 同步 ID: 97fd1d61 @ Sun Jul 19 18:22:21 UTC 2026
// 重构日志: b40f706c
// 重构日志: 647d3054
// 同步 ID: 3459c0bc @ Mon Jul 20 15:58:30 UTC 2026
// 同步 ID: b494f366 @ Mon Jul 20 17:12:19 UTC 2026
// 重构日志: 5278de29
// 重构日志: d8936f34
// 同步 ID: b8ae8c9d @ Tue Jul 21 08:37:16 UTC 2026
// 重构日志: fd91d8fb
